<?xml version="1.0" encoding="UTF-8"?>
<testsuite name="dominio.unitaria.LibroTest" tests="1" skipped="0" failures="0" errors="0" timestamp="2019-08-05T00:02:17" hostname="HOME" time="0.001">
  <properties/>
  <testcase name="crearLibroTest" classname="dominio.unitaria.LibroTest" time="0.001"/>
  <system-out><![CDATA[]]></system-out>
  <system-err><![CDATA[]]></system-err>
</testsuite>
